c:\dev\fireworks-engine\build\fireworks.dir\debug\fireworks.pdb
c:\dev\fireworks-engine\build\fireworks.dir\debug\vec4.obj
c:\dev\fireworks-engine\build\fireworks.dir\debug\vec3.obj
c:\dev\fireworks-engine\build\fireworks.dir\debug\vec2.obj
c:\dev\fireworks-engine\build\fireworks.dir\debug\mat4.obj
c:\dev\fireworks-engine\build\fireworks.dir\debug\texture.obj
c:\dev\fireworks-engine\build\fireworks.dir\debug\static_sprite.obj
c:\dev\fireworks-engine\build\fireworks.dir\debug\sprite.obj
c:\dev\fireworks-engine\build\fireworks.dir\debug\label.obj
c:\dev\fireworks-engine\build\fireworks.dir\debug\layer.obj
c:\dev\fireworks-engine\build\fireworks.dir\debug\group.obj
c:\dev\fireworks-engine\build\fireworks.dir\debug\vertexarray.obj
c:\dev\fireworks-engine\build\fireworks.dir\debug\indexbuffer.obj
c:\dev\fireworks-engine\build\fireworks.dir\debug\buffer.obj
c:\dev\fireworks-engine\build\fireworks.dir\debug\window.obj
c:\dev\fireworks-engine\build\fireworks.dir\debug\shader.obj
c:\dev\fireworks-engine\build\fireworks.dir\debug\batchrenderer2d.obj
c:\dev\fireworks-engine\build\cmakefiles\generate.stamp
c:\dev\fireworks-engine\build\debug\fireworks.lib
c:\dev\fireworks-engine\build\fireworks.dir\debug\fireworks.tlog\cl.command.1.tlog
c:\dev\fireworks-engine\build\fireworks.dir\debug\fireworks.tlog\cl.read.1.tlog
c:\dev\fireworks-engine\build\fireworks.dir\debug\fireworks.tlog\cl.write.1.tlog
c:\dev\fireworks-engine\build\fireworks.dir\debug\fireworks.tlog\custombuild.command.1.tlog
c:\dev\fireworks-engine\build\fireworks.dir\debug\fireworks.tlog\custombuild.read.1.tlog
c:\dev\fireworks-engine\build\fireworks.dir\debug\fireworks.tlog\custombuild.write.1.tlog
c:\dev\fireworks-engine\build\fireworks.dir\debug\fireworks.tlog\lib-link.read.1.tlog
c:\dev\fireworks-engine\build\fireworks.dir\debug\fireworks.tlog\lib-link.write.1.tlog
c:\dev\fireworks-engine\build\fireworks.dir\debug\fireworks.tlog\lib.command.1.tlog
