  TestGame.cpp
C:\Dev\Fireworks-Engine\build\include\fireworks\src\maths\maths.h(11,25): warning C4244: 'return': conversion from 'double' to 'float', possible loss of data
C:\Dev\Fireworks-Engine\build\include\fireworks\ext\gltext.h(300,29): warning C4267: '=': conversion from 'size_t' to 'int', possible loss of data
C:\Dev\Fireworks-Engine\build\Sandbox\Simplebox.h(51,92): warning C4244: 'argument': conversion from 'double' to 'const float', possible loss of data
  Fireworks.lib(Window.obj) : MSIL .netmodule or module compiled with /GL found; restarting link with /LTCG; add /LTCG to the link command line to improve linker performance
LINK : warning LNK4075: ignoring '/INCREMENTAL' due to '/LTCG' specification
Fireworks.lib(Window.obj) : error LNK2038: mismatch detected for '_ITERATOR_DEBUG_LEVEL': value '0' doesn't match value '2' in TestGame.obj
Fireworks.lib(Window.obj) : error LNK2038: mismatch detected for 'RuntimeLibrary': value 'MD_DynamicRelease' doesn't match value 'MDd_DynamicDebug' in TestGame.obj
Fireworks.lib(vec3.obj) : error LNK2038: mismatch detected for '_ITERATOR_DEBUG_LEVEL': value '0' doesn't match value '2' in TestGame.obj
Fireworks.lib(vec3.obj) : error LNK2038: mismatch detected for 'RuntimeLibrary': value 'MD_DynamicRelease' doesn't match value 'MDd_DynamicDebug' in TestGame.obj
Fireworks.lib(vec4.obj) : error LNK2038: mismatch detected for '_ITERATOR_DEBUG_LEVEL': value '0' doesn't match value '2' in TestGame.obj
Fireworks.lib(vec4.obj) : error LNK2038: mismatch detected for 'RuntimeLibrary': value 'MD_DynamicRelease' doesn't match value 'MDd_DynamicDebug' in TestGame.obj
Fireworks.lib(mat4.obj) : error LNK2038: mismatch detected for '_ITERATOR_DEBUG_LEVEL': value '0' doesn't match value '2' in TestGame.obj
Fireworks.lib(mat4.obj) : error LNK2038: mismatch detected for 'RuntimeLibrary': value 'MD_DynamicRelease' doesn't match value 'MDd_DynamicDebug' in TestGame.obj
Fireworks.lib(Shader.obj) : error LNK2038: mismatch detected for '_ITERATOR_DEBUG_LEVEL': value '0' doesn't match value '2' in TestGame.obj
Fireworks.lib(Shader.obj) : error LNK2038: mismatch detected for 'RuntimeLibrary': value 'MD_DynamicRelease' doesn't match value 'MDd_DynamicDebug' in TestGame.obj
Fireworks.lib(batchrenderer2d.obj) : error LNK2038: mismatch detected for '_ITERATOR_DEBUG_LEVEL': value '0' doesn't match value '2' in TestGame.obj
Fireworks.lib(batchrenderer2d.obj) : error LNK2038: mismatch detected for 'RuntimeLibrary': value 'MD_DynamicRelease' doesn't match value 'MDd_DynamicDebug' in TestGame.obj
Fireworks.lib(layer.obj) : error LNK2038: mismatch detected for '_ITERATOR_DEBUG_LEVEL': value '0' doesn't match value '2' in TestGame.obj
Fireworks.lib(layer.obj) : error LNK2038: mismatch detected for 'RuntimeLibrary': value 'MD_DynamicRelease' doesn't match value 'MDd_DynamicDebug' in TestGame.obj
Fireworks.lib(sprite.obj) : error LNK2038: mismatch detected for '_ITERATOR_DEBUG_LEVEL': value '0' doesn't match value '2' in TestGame.obj
Fireworks.lib(sprite.obj) : error LNK2038: mismatch detected for 'RuntimeLibrary': value 'MD_DynamicRelease' doesn't match value 'MDd_DynamicDebug' in TestGame.obj
Fireworks.lib(vec2.obj) : error LNK2038: mismatch detected for '_ITERATOR_DEBUG_LEVEL': value '0' doesn't match value '2' in TestGame.obj
Fireworks.lib(vec2.obj) : error LNK2038: mismatch detected for 'RuntimeLibrary': value 'MD_DynamicRelease' doesn't match value 'MDd_DynamicDebug' in TestGame.obj
LINK : warning LNK4098: defaultlib 'MSVCRT' conflicts with use of other libs; use /NODEFAULTLIB:library
LINK : warning LNK4098: defaultlib 'LIBCMT' conflicts with use of other libs; use /NODEFAULTLIB:library
C:\Dev\Fireworks-Engine\build\x64\Debug\Sandbox.exe : fatal error LNK1319: 18 mismatches detected
