c:\dev\fireworks-engine\build\fireworks.dir\release\vec4.obj
c:\dev\fireworks-engine\build\fireworks.dir\release\vec3.obj
c:\dev\fireworks-engine\build\fireworks.dir\release\vec2.obj
c:\dev\fireworks-engine\build\fireworks.dir\release\mat4.obj
c:\dev\fireworks-engine\build\fireworks.dir\release\texture.obj
c:\dev\fireworks-engine\build\fireworks.dir\release\static_sprite.obj
c:\dev\fireworks-engine\build\fireworks.dir\release\sprite.obj
c:\dev\fireworks-engine\build\fireworks.dir\release\label.obj
c:\dev\fireworks-engine\build\fireworks.dir\release\layer.obj
c:\dev\fireworks-engine\build\fireworks.dir\release\group.obj
c:\dev\fireworks-engine\build\fireworks.dir\release\vertexarray.obj
c:\dev\fireworks-engine\build\fireworks.dir\release\indexbuffer.obj
c:\dev\fireworks-engine\build\fireworks.dir\release\buffer.obj
c:\dev\fireworks-engine\build\fireworks.dir\release\batchrenderer2d.obj
c:\dev\fireworks-engine\build\fireworks.dir\release\window.obj
c:\dev\fireworks-engine\build\fireworks.dir\release\shader.obj
c:\dev\fireworks-engine\build\cmakefiles\generate.stamp
c:\dev\fireworks-engine\build\release\fireworks.exe
c:\dev\fireworks-engine\build\fireworks.dir\release\fireworks.tlog\cl.command.1.tlog
c:\dev\fireworks-engine\build\fireworks.dir\release\fireworks.tlog\cl.read.1.tlog
c:\dev\fireworks-engine\build\fireworks.dir\release\fireworks.tlog\cl.write.1.tlog
c:\dev\fireworks-engine\build\fireworks.dir\release\fireworks.tlog\custombuild.command.1.tlog
c:\dev\fireworks-engine\build\fireworks.dir\release\fireworks.tlog\custombuild.read.1.tlog
c:\dev\fireworks-engine\build\fireworks.dir\release\fireworks.tlog\custombuild.write.1.tlog
c:\dev\fireworks-engine\build\fireworks.dir\release\fireworks.tlog\lib-link.read.1.tlog
c:\dev\fireworks-engine\build\fireworks.dir\release\fireworks.tlog\lib-link.write.1.tlog
c:\dev\fireworks-engine\build\fireworks.dir\release\fireworks.tlog\lib.command.1.tlog
c:\dev\fireworks-engine\build\fireworks.dir\release\fireworks.tlog\link.18024.read.1.tlog
c:\dev\fireworks-engine\build\fireworks.dir\release\fireworks.tlog\link.18024.write.1.tlog
c:\dev\fireworks-engine\build\fireworks.dir\release\fireworks.tlog\link.19404.read.1.tlog
c:\dev\fireworks-engine\build\fireworks.dir\release\fireworks.tlog\link.19404.write.1.tlog
c:\dev\fireworks-engine\build\fireworks.dir\release\fireworks.tlog\link.19964.read.1.tlog
c:\dev\fireworks-engine\build\fireworks.dir\release\fireworks.tlog\link.19964.write.1.tlog
c:\dev\fireworks-engine\build\fireworks.dir\release\fireworks.tlog\link.command.1.tlog
c:\dev\fireworks-engine\build\fireworks.dir\release\fireworks.tlog\link.read.1.tlog
c:\dev\fireworks-engine\build\fireworks.dir\release\fireworks.tlog\link.write.1.tlog
